# JRE version: Java(TM) SE Runtime Environment (14.0.2+12) (build 14.0.2+12-46)
# Java VM: Java HotSpot(TM) 64-Bit Server VM (14.0.2+12-46, mixed mode, sharing, tiered, compressed oops, g1 gc, windows-amd64)
Heap:
 garbage-first heap   total 89088K, used 46298K [0x00000000a1800000, 0x0000000100000000)
  region size 1024K, 11 young (11264K), 4 survivors (4096K)
 Metaspace       used 72409K, capacity 73866K, committed 74112K, reserved 1114112K
  class space    used 9518K, capacity 10064K, committed 10112K, reserved 1048576K
GC Heap History (20 events):
Event: 12.793 GC heap before
{Heap before GC invocations=16 (full 0):
 garbage-first heap   total 61440K, used 47306K [0x00000000a1800000, 0x0000000100000000)
  region size 1024K, 27 young (27648K), 4 survivors (4096K)
 Metaspace       used 42535K, capacity 43577K, committed 43648K, reserved 1087488K
  class space    used 5328K, capacity 5717K, committed 5760K, reserved 1048576K
}
Event: 12.802 GC heap after
{Heap after GC invocations=17 (full 0):
 garbage-first heap   total 73728K, used 26963K [0x00000000a1800000, 0x0000000100000000)
  region size 1024K, 3 young (3072K), 3 survivors (3072K)
 Metaspace       used 42535K, capacity 43577K, committed 43648K, reserved 1087488K
  class space    used 5328K, capacity 5717K, committed 5760K, reserved 1048576K
}
Event: 13.866 GC heap before
{Heap before GC invocations=17 (full 0):
 garbage-first heap   total 73728K, used 53587K [0x00000000a1800000, 0x0000000100000000)
  region size 1024K, 30 young (30720K), 3 survivors (3072K)
 Metaspace       used 47296K, capacity 48284K, committed 48512K, reserved 1091584K
  class space    used 6112K, capacity 6496K, committed 6528K, reserved 1048576K
}
Event: 13.871 GC heap after
{Heap after GC invocations=18 (full 0):
 garbage-first heap   total 73728K, used 28813K [0x00000000a1800000, 0x0000000100000000)
  region size 1024K, 2 young (2048K), 2 survivors (2048K)
 Metaspace       used 47296K, capacity 48284K, committed 48512K, reserved 1091584K
  class space    used 6112K, capacity 6496K, committed 6528K, reserved 1048576K
}
Event: 15.164 GC heap before
{Heap before GC invocations=18 (full 0):
 garbage-first heap   total 73728K, used 55437K [0x00000000a1800000, 0x0000000100000000)
  region size 1024K, 28 young (28672K), 2 survivors (2048K)
 Metaspace       used 52760K, capacity 53794K, committed 54016K, reserved 1095680K
  class space    used 6966K, capacity 7350K, committed 7424K, reserved 1048576K
}
Event: 15.170 GC heap after
{Heap after GC invocations=19 (full 0):
 garbage-first heap   total 73728K, used 29842K [0x00000000a1800000, 0x0000000100000000)
  region size 1024K, 3 young (3072K), 3 survivors (3072K)
 Metaspace       used 52760K, capacity 53794K, committed 54016K, reserved 1095680K
  class space    used 6966K, capacity 7350K, committed 7424K, reserved 1048576K
}
Event: 16.557 GC heap before
{Heap before GC invocations=19 (full 0):
 garbage-first heap   total 73728K, used 56466K [0x00000000a1800000, 0x0000000100000000)
  region size 1024K, 29 young (29696K), 3 survivors (3072K)
 Metaspace       used 55331K, capacity 56440K, committed 56704K, reserved 1097728K
  class space    used 7296K, capacity 7690K, committed 7808K, reserved 1048576K
}
Event: 16.565 GC heap after
{Heap after GC invocations=20 (full 0):
 garbage-first heap   total 73728K, used 31246K [0x00000000a1800000, 0x0000000100000000)
  region size 1024K, 3 young (3072K), 3 survivors (3072K)
 Metaspace       used 55331K, capacity 56440K, committed 56704K, reserved 1097728K
  class space    used 7296K, capacity 7690K, committed 7808K, reserved 1048576K
}
Event: 17.468 GC heap before
{Heap before GC invocations=20 (full 0):
 garbage-first heap   total 73728K, used 55822K [0x00000000a1800000, 0x0000000100000000)
  region size 1024K, 28 young (28672K), 3 survivors (3072K)
 Metaspace       used 58822K, capacity 60090K, committed 60160K, reserved 1101824K
  class space    used 7757K, capacity 8250K, committed 8320K, reserved 1048576K
}
Event: 17.476 GC heap after
{Heap after GC invocations=21 (full 0):
 garbage-first heap   total 73728K, used 32977K [0x00000000a1800000, 0x0000000100000000)
  region size 1024K, 3 young (3072K), 3 survivors (3072K)
 Metaspace       used 58822K, capacity 60090K, committed 60160K, reserved 1101824K
  class space    used 7757K, capacity 8250K, committed 8320K, reserved 1048576K
}
Event: 18.567 GC heap before
{Heap before GC invocations=22 (full 0):
 garbage-first heap   total 73728K, used 58577K [0x00000000a1800000, 0x0000000100000000)
  region size 1024K, 28 young (28672K), 3 survivors (3072K)
 Metaspace       used 60550K, capacity 61877K, committed 62080K, reserved 1103872K
  class space    used 7975K, capacity 8472K, committed 8576K, reserved 1048576K
}
Event: 18.577 GC heap after
{Heap after GC invocations=23 (full 0):
 garbage-first heap   total 73728K, used 34994K [0x00000000a1800000, 0x0000000100000000)
  region size 1024K, 4 young (4096K), 4 survivors (4096K)
 Metaspace       used 60550K, capacity 61877K, committed 62080K, reserved 1103872K
  class space    used 7975K, capacity 8472K, committed 8576K, reserved 1048576K
}
Event: 19.264 GC heap before
{Heap before GC invocations=23 (full 0):
 garbage-first heap   total 73728K, used 58546K [0x00000000a1800000, 0x0000000100000000)
  region size 1024K, 27 young (27648K), 4 survivors (4096K)
 Metaspace       used 62529K, capacity 63869K, committed 64128K, reserved 1103872K
  class space    used 8250K, capacity 8749K, committed 8832K, reserved 1048576K
}
Event: 19.273 GC heap after
{Heap after GC invocations=24 (full 0):
 garbage-first heap   total 73728K, used 35919K [0x00000000a1800000, 0x0000000100000000)
  region size 1024K, 3 young (3072K), 3 survivors (3072K)
 Metaspace       used 62529K, capacity 63869K, committed 64128K, reserved 1103872K
  class space    used 8250K, capacity 8749K, committed 8832K, reserved 1048576K
}
Event: 20.006 GC heap before
{Heap before GC invocations=24 (full 0):
 garbage-first heap   total 73728K, used 59471K [0x00000000a1800000, 0x0000000100000000)
  region size 1024K, 26 young (26624K), 3 survivors (3072K)
 Metaspace       used 63997K, capacity 65380K, committed 65664K, reserved 1105920K
  class space    used 8477K, capacity 8995K, committed 9088K, reserved 1048576K
}
Event: 20.017 GC heap after
{Heap after GC invocations=25 (full 0):
 garbage-first heap   total 73728K, used 37650K [0x00000000a1800000, 0x0000000100000000)
  region size 1024K, 3 young (3072K), 3 survivors (3072K)
 Metaspace       used 63997K, capacity 65380K, committed 65664K, reserved 1105920K
  class space    used 8477K, capacity 8995K, committed 9088K, reserved 1048576K
}
Event: 20.820 GC heap before
{Heap before GC invocations=26 (full 0):
 garbage-first heap   total 73728K, used 60178K [0x00000000a1800000, 0x0000000100000000)
  region size 1024K, 25 young (25600K), 3 survivors (3072K)
 Metaspace       used 65892K, capacity 67302K, committed 67456K, reserved 1107968K
  class space    used 8750K, capacity 9267K, committed 9344K, reserved 1048576K
}
Event: 20.830 GC heap after
{Heap after GC invocations=27 (full 0):
 garbage-first heap   total 89088K, used 38889K [0x00000000a1800000, 0x0000000100000000)
  region size 1024K, 3 young (3072K), 3 survivors (3072K)
 Metaspace       used 65892K, capacity 67302K, committed 67456K, reserved 1107968K
  class space    used 8750K, capacity 9267K, committed 9344K, reserved 1048576K
}
Event: 54.869 GC heap before
{Heap before GC invocations=27 (full 0):
 garbage-first heap   total 89088K, used 72681K [0x00000000a1800000, 0x0000000100000000)
  region size 1024K, 36 young (36864K), 3 survivors (3072K)
 Metaspace       used 70980K, capacity 72500K, committed 72704K, reserved 1112064K
  class space    used 9363K, capacity 9928K, committed 9984K, reserved 1048576K
}
Event: 54.879 GC heap after
{Heap after GC invocations=28 (full 0):
 garbage-first heap   total 89088K, used 40154K [0x00000000a1800000, 0x0000000100000000)
  region size 1024K, 4 young (4096K), 4 survivors (4096K)
 Metaspace       used 70980K, capacity 72500K, committed 72704K, reserved 1112064K
  class space    used 9363K, capacity 9928K, committed 9984K, reserved 1048576K
}

