# JRE version: Java(TM) SE Runtime Environment (14.0.2+12) (build 14.0.2+12-46)
# Java VM: Java HotSpot(TM) 64-Bit Server VM (14.0.2+12-46, mixed mode, sharing, tiered, compressed oops, g1 gc, windows-amd64)
Heap:
 garbage-first heap   total 58368K, used 33627K [0x00000000a1800000, 0x0000000100000000)
  region size 1024K, 17 young (17408K), 3 survivors (3072K)
 Metaspace       used 43461K, capacity 44601K, committed 44848K, reserved 1087488K
  class space    used 5554K, capacity 5985K, committed 6016K, reserved 1048576K
GC Heap History (20 events):
Event: 6.079 GC heap before
{Heap before GC invocations=5 (full 0):
 garbage-first heap   total 98304K, used 42619K [0x00000000a1800000, 0x0000000100000000)
  region size 1024K, 37 young (37888K), 4 survivors (4096K)
 Metaspace       used 20629K, capacity 21152K, committed 21296K, reserved 1069056K
  class space    used 2472K, capacity 2658K, committed 2688K, reserved 1048576K
}
Event: 6.087 GC heap after
{Heap after GC invocations=6 (full 0):
 garbage-first heap   total 98304K, used 12363K [0x00000000a1800000, 0x0000000100000000)
  region size 1024K, 6 young (6144K), 6 survivors (6144K)
 Metaspace       used 20629K, capacity 21152K, committed 21296K, reserved 1069056K
  class space    used 2472K, capacity 2658K, committed 2688K, reserved 1048576K
}
Event: 6.688 GC heap before
{Heap before GC invocations=7 (full 0):
 garbage-first heap   total 48128K, used 34891K [0x00000000a1800000, 0x0000000100000000)
  region size 1024K, 28 young (28672K), 6 survivors (6144K)
 Metaspace       used 21765K, capacity 22333K, committed 22448K, reserved 1069056K
  class space    used 2611K, capacity 2809K, committed 2816K, reserved 1048576K
}
Event: 6.700 GC heap after
{Heap after GC invocations=8 (full 0):
 garbage-first heap   total 48128K, used 13244K [0x00000000a1800000, 0x0000000100000000)
  region size 1024K, 3 young (3072K), 3 survivors (3072K)
 Metaspace       used 21765K, capacity 22333K, committed 22448K, reserved 1069056K
  class space    used 2611K, capacity 2809K, committed 2816K, reserved 1048576K
}
Event: 7.472 GC heap before
{Heap before GC invocations=8 (full 0):
 garbage-first heap   total 48128K, used 35772K [0x00000000a1800000, 0x0000000100000000)
  region size 1024K, 25 young (25600K), 3 survivors (3072K)
 Metaspace       used 23775K, capacity 24423K, committed 24624K, reserved 1071104K
  class space    used 2873K, capacity 3116K, committed 3200K, reserved 1048576K
}
Event: 7.483 GC heap after
{Heap after GC invocations=9 (full 0):
 garbage-first heap   total 48128K, used 14016K [0x00000000a1800000, 0x0000000100000000)
  region size 1024K, 2 young (2048K), 2 survivors (2048K)
 Metaspace       used 23775K, capacity 24423K, committed 24624K, reserved 1071104K
  class space    used 2873K, capacity 3116K, committed 3200K, reserved 1048576K
}
Event: 8.565 GC heap before
{Heap before GC invocations=9 (full 0):
 garbage-first heap   total 48128K, used 37568K [0x00000000a1800000, 0x0000000100000000)
  region size 1024K, 25 young (25600K), 2 survivors (2048K)
 Metaspace       used 26174K, capacity 26871K, committed 26928K, reserved 1073152K
  class space    used 3202K, capacity 3434K, committed 3456K, reserved 1048576K
}
Event: 8.580 GC heap after
{Heap after GC invocations=10 (full 0):
 garbage-first heap   total 48128K, used 15020K [0x00000000a1800000, 0x0000000100000000)
  region size 1024K, 3 young (3072K), 3 survivors (3072K)
 Metaspace       used 26174K, capacity 26871K, committed 26928K, reserved 1073152K
  class space    used 3202K, capacity 3434K, committed 3456K, reserved 1048576K
}
Event: 9.585 GC heap before
{Heap before GC invocations=10 (full 0):
 garbage-first heap   total 48128K, used 37548K [0x00000000a1800000, 0x0000000100000000)
  region size 1024K, 25 young (25600K), 3 survivors (3072K)
 Metaspace       used 28757K, capacity 29591K, committed 29744K, reserved 1075200K
  class space    used 3581K, capacity 3914K, committed 3968K, reserved 1048576K
}
Event: 9.595 GC heap after
{Heap after GC invocations=11 (full 0):
 garbage-first heap   total 58368K, used 16576K [0x00000000a1800000, 0x0000000100000000)
  region size 1024K, 4 young (4096K), 4 survivors (4096K)
 Metaspace       used 28757K, capacity 29591K, committed 29744K, reserved 1075200K
  class space    used 3581K, capacity 3914K, committed 3968K, reserved 1048576K
}
Event: 10.255 GC heap before
{Heap before GC invocations=11 (full 0):
 garbage-first heap   total 58368K, used 44224K [0x00000000a1800000, 0x0000000100000000)
  region size 1024K, 32 young (32768K), 4 survivors (4096K)
 Metaspace       used 30558K, capacity 31439K, committed 31664K, reserved 1077248K
  class space    used 3757K, capacity 4081K, committed 4096K, reserved 1048576K
}
Event: 10.265 GC heap after
{Heap after GC invocations=12 (full 0):
 garbage-first heap   total 58368K, used 17305K [0x00000000a1800000, 0x0000000100000000)
  region size 1024K, 3 young (3072K), 3 survivors (3072K)
 Metaspace       used 30558K, capacity 31439K, committed 31664K, reserved 1077248K
  class space    used 3757K, capacity 4081K, committed 4096K, reserved 1048576K
}
Event: 10.684 GC heap before
{Heap before GC invocations=12 (full 0):
 garbage-first heap   total 58368K, used 44953K [0x00000000a1800000, 0x0000000100000000)
  region size 1024K, 31 young (31744K), 3 survivors (3072K)
 Metaspace       used 31263K, capacity 32172K, committed 32304K, reserved 1077248K
  class space    used 3838K, capacity 4154K, committed 4224K, reserved 1048576K
}
Event: 10.694 GC heap after
{Heap after GC invocations=13 (full 0):
 garbage-first heap   total 58368K, used 17537K [0x00000000a1800000, 0x0000000100000000)
  region size 1024K, 1 young (1024K), 1 survivors (1024K)
 Metaspace       used 31263K, capacity 32172K, committed 32304K, reserved 1077248K
  class space    used 3838K, capacity 4154K, committed 4224K, reserved 1048576K
}
Event: 11.792 GC heap before
{Heap before GC invocations=13 (full 0):
 garbage-first heap   total 58368K, used 45185K [0x00000000a1800000, 0x0000000100000000)
  region size 1024K, 29 young (29696K), 1 survivors (1024K)
 Metaspace       used 34616K, capacity 35538K, committed 35632K, reserved 1081344K
  class space    used 4256K, capacity 4652K, committed 4736K, reserved 1048576K
}
Event: 11.797 GC heap after
{Heap after GC invocations=14 (full 0):
 garbage-first heap   total 58368K, used 18766K [0x00000000a1800000, 0x0000000100000000)
  region size 1024K, 3 young (3072K), 3 survivors (3072K)
 Metaspace       used 34616K, capacity 35538K, committed 35632K, reserved 1081344K
  class space    used 4256K, capacity 4652K, committed 4736K, reserved 1048576K
}
Event: 12.757 GC heap before
{Heap before GC invocations=15 (full 0):
 garbage-first heap   total 58368K, used 46414K [0x00000000a1800000, 0x0000000100000000)
  region size 1024K, 30 young (30720K), 3 survivors (3072K)
 Metaspace       used 37928K, capacity 38858K, committed 38960K, reserved 1083392K
  class space    used 4791K, capacity 5182K, committed 5248K, reserved 1048576K
}
Event: 12.765 GC heap after
{Heap after GC invocations=16 (full 0):
 garbage-first heap   total 58368K, used 19646K [0x00000000a1800000, 0x0000000100000000)
  region size 1024K, 3 young (3072K), 3 survivors (3072K)
 Metaspace       used 37928K, capacity 38858K, committed 38960K, reserved 1083392K
  class space    used 4791K, capacity 5182K, committed 5248K, reserved 1048576K
}
Event: 13.708 GC heap before
{Heap before GC invocations=16 (full 0):
 garbage-first heap   total 58368K, used 47294K [0x00000000a1800000, 0x0000000100000000)
  region size 1024K, 30 young (30720K), 3 survivors (3072K)
 Metaspace       used 41632K, capacity 42703K, committed 42928K, reserved 1087488K
  class space    used 5365K, capacity 5779K, committed 5888K, reserved 1048576K
}
Event: 13.717 GC heap after
{Heap after GC invocations=17 (full 0):
 garbage-first heap   total 58368K, used 21339K [0x00000000a1800000, 0x0000000100000000)
  region size 1024K, 3 young (3072K), 3 survivors (3072K)
 Metaspace       used 41632K, capacity 42703K, committed 42928K, reserved 1087488K
  class space    used 5365K, capacity 5779K, committed 5888K, reserved 1048576K
}

